INFO     02. Cujus animam gementem.ms3 -- Attempting to parse 02. Cujus animam gementem.mscx
WARNING  02. Cujus animam gementem.ms3 -- MC 1 has 2 BarLine-nodes. Used first (other), ignored ['other'].
WARNING  02. Cujus animam gementem.ms3 -- MC 28 has 2 BarLine-nodes. Used first (other), ignored ['other'].
WARNING  02. Cujus animam gementem.ms3 -- MC 36 has 2 BarLine-nodes. Used first (other), ignored ['other'].
WARNING  02. Cujus animam gementem.ms3 -- MC 52 has 2 BarLine-nodes. Used first (other), ignored ['other'].
WARNING  02. Cujus animam gementem.ms3 -- MC 60 has 2 BarLine-nodes. Used first (other), ignored ['other'].
WARNING  02. Cujus animam gementem.ms3 -- MC 68 has 2 BarLine-nodes. Used first (other), ignored ['other'].
WARNING  02. Cujus animam gementem.ms3 -- MC 84 has 2 BarLine-nodes. Used first (other), ignored ['other'].
WARNING  02. Cujus animam gementem.ms3 -- MC 92 has 2 BarLine-nodes. Used first (other), ignored ['other'].
WARNING  02. Cujus animam gementem.ms3 -- MC 100 has 2 BarLine-nodes. Used first (other), ignored ['other'].
WARNING  02. Cujus animam gementem.ms3 -- These values in mc_info[2] are not included in mc_info[1]: mc
1      other
2      other
3      other
4      other
5      other
       ...  
104    other
105    other
106    other
107    other
108      end
Name: barline, Length: 108, dtype: object
WARNING  02. Cujus animam gementem.ms3 -- info and mc_info[1] were not identical before aggregation.
This means that lower staves contain information that's missing in
the first staff (as shown in previous warning).
INFO     02. Cujus animam gementem.ms3 -- Done parsing 02. Cujus animam gementem.mscx

WARNING  02. Cujus animam gementem.expand_labels -- MC 73: #viio7 in major context is most probably an annotation error.
WARNING  02. Cujus animam gementem.expand_labels -- MC 68: #viio7 in major context is most probably an annotation error.
WARNING  02. Cujus animam gementem.expand_labels -- MC 89: #viio7 in major context is most probably an annotation error.
