INFO     04. Quae moerebat et dolebat.ms3 -- Attempting to parse 04. Quae moerebat et dolebat.mscx
WARNING  04. Quae moerebat et dolebat.ms3 -- MC 1 has 2 BarLine-nodes. Used first (other), ignored ['other'].
WARNING  04. Quae moerebat et dolebat.ms3 -- MC 8 has 2 BarLine-nodes. Used first (other), ignored ['other'].
WARNING  04. Quae moerebat et dolebat.ms3 -- MC 17 has 2 BarLine-nodes. Used first (other), ignored ['other'].
WARNING  04. Quae moerebat et dolebat.ms3 -- MC 25 has 2 BarLine-nodes. Used first (other), ignored ['other'].
WARNING  04. Quae moerebat et dolebat.ms3 -- MC 33 has 2 BarLine-nodes. Used first (other), ignored ['other'].
WARNING  04. Quae moerebat et dolebat.ms3 -- MC 41 has 2 BarLine-nodes. Used first (other), ignored ['other'].
WARNING  04. Quae moerebat et dolebat.ms3 -- MC 49 has 2 BarLine-nodes. Used first (other), ignored ['other'].
WARNING  04. Quae moerebat et dolebat.ms3 -- MC 57 has 2 BarLine-nodes. Used first (other), ignored ['other'].
WARNING  04. Quae moerebat et dolebat.ms3 -- MC 65 has 2 BarLine-nodes. Used first (other), ignored ['other'].
WARNING  04. Quae moerebat et dolebat.ms3 -- MC 73 has 2 BarLine-nodes. Used first (other), ignored ['other'].
WARNING  04. Quae moerebat et dolebat.ms3 -- MC 81 has 2 BarLine-nodes. Used first (other), ignored ['other'].
WARNING  04. Quae moerebat et dolebat.ms3 -- MC 89 has 2 BarLine-nodes. Used first (other), ignored ['other'].
WARNING  04. Quae moerebat et dolebat.ms3 -- MC 97 has 2 BarLine-nodes. Used first (other), ignored ['other'].
WARNING  04. Quae moerebat et dolebat.ms3 -- These values in mc_info[2] are not included in mc_info[1]: mc
1      other
2      other
3      other
4      other
5      other
       ...  
99     other
100    other
101    other
102    other
103      end
Name: barline, Length: 103, dtype: object
WARNING  04. Quae moerebat et dolebat.ms3 -- info and mc_info[1] were not identical before aggregation.
This means that lower staves contain information that's missing in
the first staff (as shown in previous warning).
INFO     04. Quae moerebat et dolebat.ms3 -- Done parsing 04. Quae moerebat et dolebat.mscx

WARNING  04. Quae moerebat et dolebat.expand_labels -- MC 41: #viio6 in major context is most probably an annotation error.
WARNING  04. Quae moerebat et dolebat.expand_labels -- MC 33: #vii%7 in major context is most probably an annotation error.
WARNING  04. Quae moerebat et dolebat.expand_labels -- MC 9: #vii%7 in major context is most probably an annotation error.
WARNING  04. Quae moerebat et dolebat.expand_labels -- MC 101: #viio43 in major context is most probably an annotation error.
